modules/expo-background-upload/android/build/intermediates/manifest_merge_blame_file/release/processReleaseManifest/manifest-merger-blame-release-report.txt
1<?xml version="1.0" encoding="utf-8"?>
2<manifest xmlns:android="http://schemas.android.com/apk/res/android"
3    xmlns:tools="http://schemas.android.com/tools"
4    package="expo.modules.backgroundupload" >
5
6    <uses-sdk android:minSdkVersion="24" />
7
8    <!--
9       Android 13+ scoped media permissions. READ_EXTERNAL_STORAGE is retained
10       only up to API 32 because Android 13 dropped it in favor of the
11       per-type READ_MEDIA_* permissions.
12    -->
13    <uses-permission android:name="android.permission.READ_MEDIA_IMAGES" />
13-->src/main/AndroidManifest.xml:7:3-74
13-->src/main/AndroidManifest.xml:7:20-71
14    <uses-permission android:name="android.permission.READ_MEDIA_VIDEO" />
14-->src/main/AndroidManifest.xml:8:3-73
14-->src/main/AndroidManifest.xml:8:20-70
15    <uses-permission
15-->src/main/AndroidManifest.xml:9:3-10:34
16        android:name="android.permission.READ_EXTERNAL_STORAGE"
16-->src/main/AndroidManifest.xml:9:20-75
17        android:maxSdkVersion="32" />
17-->src/main/AndroidManifest.xml:10:5-31
18
19    <!--
20       Required for WorkManager-driven background uploads to keep the process
21       awake through the upload of large videos.
22    -->
23    <uses-permission android:name="android.permission.WAKE_LOCK" />
23-->src/main/AndroidManifest.xml:14:3-66
23-->src/main/AndroidManifest.xml:14:20-63
24
25    <!--
26       Foreground service for the actual upload work — required on Android 14+
27       when the worker is long-running. DATA_SYNC type matches what Google
28       Photos itself declares for the photo backup worker.
29    -->
30    <uses-permission android:name="android.permission.FOREGROUND_SERVICE" />
30-->src/main/AndroidManifest.xml:19:3-75
30-->src/main/AndroidManifest.xml:19:20-72
31    <uses-permission android:name="android.permission.FOREGROUND_SERVICE_DATA_SYNC" />
31-->src/main/AndroidManifest.xml:20:3-85
31-->src/main/AndroidManifest.xml:20:20-82
32
33    <!--
34       POST_NOTIFICATIONS on Android 13+ for the worker's progress notification.
35       The app already has this for the chat/email side, so re-declaring here
36       is a no-op on merge but keeps the manifest self-documenting.
37    -->
38    <uses-permission android:name="android.permission.POST_NOTIFICATIONS" />
38-->src/main/AndroidManifest.xml:25:3-75
38-->src/main/AndroidManifest.xml:25:20-72
39
40    <application>
40-->src/main/AndroidManifest.xml:27:3-31:17
41
42        <!--
43         WorkManager auto-discovers the BackupWorker via reflection; no
44         <service> entry is required because WorkManager runs its own
45         systemForegroundService internally.
46        -->
47    </application>
48
49</manifest>